[11.06.2026 00:19:21] USER:StopaVento(950922970) ACTION:START DETAILS:открыл главное меню
[11.06.2026 00:19:25] USER:StopaVento(950922970) ACTION:MENU DETAILS:открыл раздел Помощь
[11.06.2026 00:19:28] USER:StopaVento(950922970) ACTION:MENU DETAILS:вернулся в главное меню
[11.06.2026 00:19:29] USER:StopaVento(950922970) ACTION:MENU DETAILS:открыл раздел 2FA
[11.06.2026 00:19:35] USER:StopaVento(950922970) ACTION:2FA_LINK_START DETAILS:начал привязку аккаунта
[13.06.2026 22:44:30] USER:StopaVento(950922970) ACTION:START DETAILS:открыл главное меню
[13.06.2026 22:44:33] USER:StopaVento(950922970) ACTION:MENU DETAILS:открыл раздел 2FA
[13.06.2026 22:44:36] USER:StopaVento(950922970) ACTION:MENU DETAILS:вернулся в главное меню
[13.06.2026 22:44:37] USER:StopaVento(950922970) ACTION:MENU DETAILS:открыл раздел Помощь
[13.06.2026 22:44:38] USER:StopaVento(950922970) ACTION:MENU DETAILS:вернулся в главное меню
[13.06.2026 22:44:39] USER:StopaVento(950922970) ACTION:MENU DETAILS:открыл раздел 2FA
[13.06.2026 22:44:43] USER:StopaVento(950922970) ACTION:2FA_LINK_START DETAILS:начал привязку аккаунта
[13.06.2026 22:44:54] USER:StopaVento(950922970) ACTION:2FA_LINKED DETAILS:привязал аккаунт mc=StopaVento
[13.06.2026 22:44:57] USER:StopaVento(950922970) ACTION:2FA_ADD_CODE_SENT DETAILS:mc=StopaVento code=2JHVNVVB
[13.06.2026 22:45:25] USER:StopaVento(950922970) ACTION:2FA_CANCEL DETAILS:отменил действие state=TwoFA:waiting_2fa_code
[13.06.2026 22:45:28] USER:StopaVento(950922970) ACTION:MENU DETAILS:открыл раздел 2FA
[13.06.2026 22:45:31] USER:StopaVento(950922970) ACTION:2FA_UNLINK_START DETAILS:начал отвязку аккаунта mc=StopaVento
[13.06.2026 22:45:39] USER:StopaVento(950922970) ACTION:2FA_UNLINKED DETAILS:отвязал аккаунт mc=StopaVento
[13.06.2026 22:45:41] USER:StopaVento(950922970) ACTION:MENU DETAILS:открыл раздел Помощь
[21.06.2026 23:13:28] USER:StopaVento(950922970) ACTION:START DETAILS:открыл главное меню
[21.06.2026 23:13:31] USER:StopaVento(950922970) ACTION:MENU DETAILS:открыл раздел Помощь
[21.06.2026 23:13:33] USER:StopaVento(950922970) ACTION:MENU DETAILS:вернулся в главное меню
[21.06.2026 23:27:05] USER:StopaVento(950922970) ACTION:MENU DETAILS:открыл раздел Помощь
[21.06.2026 23:29:10] USER:StopaVento(950922970) ACTION:TICKET_CLOSE_USER DETAILS:ticket_id=7
[21.06.2026 23:29:19] USER:StopaVento(950922970) ACTION:MENU DETAILS:открыл раздел Помощь
[21.06.2026 23:29:21] USER:StopaVento(950922970) ACTION:TICKET_OPEN DETAILS:ticket_id=8 type=dev
[21.06.2026 23:29:34] USER:kekevari(8276178173) ACTION:TICKET_CLOSE DETAILS:ticket_id=8 target=950922970
[21.06.2026 23:29:35] USER:kekevari(8276178173) ACTION:TICKET_ACCEPT DETAILS:ticket_id=8 target=950922970
[21.06.2026 23:59:28] USER:kekevari(8276178173) ACTION:MENU DETAILS:открыл раздел Помощь
[21.06.2026 23:59:30] USER:kekevari(8276178173) ACTION:MENU DETAILS:вернулся в главное меню
[21.06.2026 23:59:31] USER:kekevari(8276178173) ACTION:MENU DETAILS:открыл раздел 2FA
[21.06.2026 23:59:32] USER:kekevari(8276178173) ACTION:MENU DETAILS:вернулся в главное меню
[22.06.2026 00:28:51] USER:kekevari(8276178173) ACTION:MENU DETAILS:открыл раздел 2FA
[22.06.2026 00:28:54] USER:kekevari(8276178173) ACTION:MENU DETAILS:вернулся в главное меню
[22.06.2026 00:29:59] USER:kekevari(8276178173) ACTION:MENU DETAILS:открыл раздел Помощь
[22.06.2026 00:30:13] USER:kekevari(8276178173) ACTION:TICKET_OPEN DETAILS:ticket_id=9 type=mod
[22.06.2026 00:30:15] USER:kekevari(8276178173) ACTION:TICKET_CLOSE_USER DETAILS:ticket_id=9
[23.06.2026 21:42:19] USER:kekevari(8276178173) ACTION:START DETAILS:открыл главное меню
[24.06.2026 19:51:14] USER:emrickoff(2049512428) ACTION:START DETAILS:открыл главное меню
[24.06.2026 19:52:48] USER:emrickoff(2049512428) ACTION:MENU DETAILS:открыл раздел Помощь
[24.06.2026 19:52:49] USER:emrickoff(2049512428) ACTION:TICKET_OPEN DETAILS:ticket_id=10 type=dev
[24.06.2026 19:53:39] USER:kekevari(8276178173) ACTION:TICKET_ACCEPT DETAILS:ticket_id=10 target=2049512428
[24.06.2026 19:53:42] USER:kekevari(8276178173) ACTION:TICKET_CLOSE DETAILS:ticket_id=10 target=2049512428
[24.06.2026 19:53:52] USER:emrickoff(2049512428) ACTION:START DETAILS:открыл главное меню
[24.06.2026 19:53:54] USER:emrickoff(2049512428) ACTION:MENU DETAILS:открыл раздел 2FA
[24.06.2026 19:59:24] USER:elickoff(8632861028) ACTION:START DETAILS:открыл главное меню
[03.07.2026 15:59:44] USER:exxese(7840030184) ACTION:START DETAILS:открыл главное меню
[03.07.2026 15:59:44] USER:PHHD2112(6005161791) ACTION:START DETAILS:открыл главное меню
[03.07.2026 16:06:52] USER:PavelPyrov(8277593483) ACTION:START DETAILS:открыл главное меню
[06.07.2026 16:24:41] USER:avalonemine(7166456344) ACTION:START DETAILS:открыл главное меню
