[08.06.2026 15:00:39] [INFO] Bot started
[08.06.2026 15:01:41] [INFO] Bot started
[08.06.2026 15:02:55] [INFO] Bot started
[08.06.2026 18:37:00] [INFO] Bot started
[08.06.2026 18:46:03] [INFO] Bot started
[08.06.2026 19:11:25] [INFO] Bot started
[08.06.2026 19:18:28] [INFO] Bot started
[08.06.2026 19:20:50] [INFO] Bot started
[08.06.2026 19:43:22] [INFO] Bot started
[08.06.2026 19:45:55] [INFO] Bot started
[08.06.2026 19:50:21] [INFO] Bot started
[08.06.2026 19:51:42] [INFO] Bot started
[08.06.2026 19:54:45] [INFO] Bot started
[08.06.2026 19:54:51] [SHUTDOWN] Запуск: 08.06.2026 19:54:45 | Остановка: 08.06.2026 19:54:51 | Время работы: 00:00:05
[08.06.2026 20:15:36] [INFO] Bot started
[08.06.2026 20:18:49] [SHUTDOWN] Запуск: 08.06.2026 20:15:36 | Остановка: 08.06.2026 20:18:49 | Время работы: 00:03:13
[08.06.2026 20:18:58] [INFO] Bot started
[08.06.2026 20:45:40] [SHUTDOWN] Запуск: 08.06.2026 20:18:58 | Остановка: 08.06.2026 20:45:40 | Время работы: 00:26:41
[09.06.2026 16:28:53] [INFO] Bot started
[09.06.2026 16:31:40] [ANTI_DRAIN] [09.06.2026 16:31:40] [ANTI_DRAIN] conorbedard_98 Анти-слив: 3 действий за 60 сек (последнее: WARN)
[09.06.2026 16:32:15] [SHUTDOWN] Запуск: 09.06.2026 16:28:53 | Остановка: 09.06.2026 16:32:15 | Время работы: 00:03:22
[09.06.2026 19:54:03] [INFO] Bot started
[09.06.2026 19:57:00] [ANTI_DRAIN] [09.06.2026 19:57:00] [ANTI_DRAIN] conorbedard_98 Анти-слив: 3 действий за 60 сек (последнее: WARN)
[09.06.2026 20:00:04] [ANTI_DRAIN] [09.06.2026 20:00:04] [ANTI_DRAIN] conorbedard_98 Анти-слив: 3 действий за 60 сек (последнее: WARN)
[09.06.2026 20:09:44] [SHUTDOWN] Запуск: 09.06.2026 19:54:03 | Остановка: 09.06.2026 20:09:44 | Время работы: 00:15:40
[09.06.2026 20:09:56] [INFO] Bot started
[09.06.2026 20:10:52] [SHUTDOWN] Запуск: 09.06.2026 20:09:56 | Остановка: 09.06.2026 20:10:52 | Время работы: 00:00:56
[09.06.2026 20:11:39] [INFO] Bot started
[09.06.2026 20:16:06] [SHUTDOWN] Запуск: 09.06.2026 20:11:39 | Остановка: 09.06.2026 20:16:06 | Время работы: 00:04:26
[09.06.2026 20:16:13] [INFO] Bot started
[09.06.2026 20:30:33] [SHUTDOWN] Запуск: 09.06.2026 20:16:13 | Остановка: 09.06.2026 20:30:33 | Время работы: 00:14:20
[09.06.2026 20:31:56] [INFO] Bot started
[09.06.2026 20:49:08] [SHUTDOWN] Запуск: 09.06.2026 20:31:56 | Остановка: 09.06.2026 20:49:08 | Время работы: 00:17:12
[09.06.2026 20:49:15] [INFO] Bot started
[09.06.2026 21:02:36] [SHUTDOWN] Запуск: 09.06.2026 20:49:15 | Остановка: 09.06.2026 21:02:36 | Время работы: 00:13:21
[09.06.2026 22:53:51] [INFO] Bot started
[09.06.2026 23:41:54] [SHUTDOWN] Запуск: 09.06.2026 22:53:51 | Остановка: 09.06.2026 23:41:54 | Время работы: 00:48:02
[09.06.2026 23:42:03] [INFO] Bot started
[10.06.2026 00:37:15] [SHUTDOWN] Запуск: 09.06.2026 23:42:03 | Остановка: 10.06.2026 00:37:15 | Время работы: 00:55:12
[10.06.2026 23:06:34] [INFO] Bot started
[10.06.2026 23:17:30] [SHUTDOWN] Запуск: 10.06.2026 23:06:34 | Остановка: 10.06.2026 23:17:30 | Время работы: 00:10:56
[10.06.2026 23:17:43] [INFO] Bot started
[10.06.2026 23:47:05] [SHUTDOWN] Запуск: 10.06.2026 23:17:43 | Остановка: 10.06.2026 23:47:05 | Время работы: 00:29:22
[10.06.2026 23:47:12] [INFO] Bot started
[11.06.2026 00:05:42] [SHUTDOWN] Запуск: 10.06.2026 23:47:12 | Остановка: 11.06.2026 00:05:42 | Время работы: 00:18:30
[11.06.2026 00:05:49] [INFO] Bot started
[11.06.2026 00:19:09] [SHUTDOWN] Запуск: 11.06.2026 00:05:49 | Остановка: 11.06.2026 00:19:09 | Время работы: 00:13:19
[11.06.2026 00:19:15] [INFO] Bot started
[11.06.2026 00:19:21] [PRIVATE] [11.06.2026 00:19:21] USER:StopaVento(950922970) ACTION:START DETAILS:открыл главное меню
[11.06.2026 00:19:25] [PRIVATE] [11.06.2026 00:19:25] USER:StopaVento(950922970) ACTION:MENU DETAILS:открыл раздел Помощь
[11.06.2026 00:19:28] [PRIVATE] [11.06.2026 00:19:28] USER:StopaVento(950922970) ACTION:MENU DETAILS:вернулся в главное меню
[11.06.2026 00:19:29] [PRIVATE] [11.06.2026 00:19:29] USER:StopaVento(950922970) ACTION:MENU DETAILS:открыл раздел 2FA
[11.06.2026 00:19:35] [PRIVATE] [11.06.2026 00:19:35] USER:StopaVento(950922970) ACTION:2FA_LINK_START DETAILS:начал привязку аккаунта
[11.06.2026 00:24:55] [SHUTDOWN] Запуск: 11.06.2026 00:19:15 | Остановка: 11.06.2026 00:24:55 | Время работы: 00:05:40
[13.06.2026 22:16:59] [INFO] Bot started
[13.06.2026 22:29:28] [SHUTDOWN] Запуск: 13.06.2026 22:16:59 | Остановка: 13.06.2026 22:29:28 | Время работы: 00:12:28
[13.06.2026 22:29:35] [INFO] Bot started
[13.06.2026 22:30:07] [SHUTDOWN] Запуск: 13.06.2026 22:29:35 | Остановка: 13.06.2026 22:30:07 | Время работы: 00:00:31
[13.06.2026 22:30:13] [INFO] Bot started
[13.06.2026 22:30:41] [SHUTDOWN] Запуск: 13.06.2026 22:30:13 | Остановка: 13.06.2026 22:30:41 | Время работы: 00:00:27
[13.06.2026 22:30:50] [INFO] Bot started
[13.06.2026 22:31:44] [SHUTDOWN] Запуск: 13.06.2026 22:30:50 | Остановка: 13.06.2026 22:31:44 | Время работы: 00:00:54
[13.06.2026 22:31:50] [INFO] Bot started
[13.06.2026 22:32:11] [SHUTDOWN] Запуск: 13.06.2026 22:31:50 | Остановка: 13.06.2026 22:32:11 | Время работы: 00:00:21
[13.06.2026 22:32:20] [INFO] Bot started
[13.06.2026 22:32:33] [SHUTDOWN] Запуск: 13.06.2026 22:32:20 | Остановка: 13.06.2026 22:32:33 | Время работы: 00:00:13
[13.06.2026 22:32:57] [INFO] Bot started
[13.06.2026 22:33:12] [SHUTDOWN] Запуск: 13.06.2026 22:32:57 | Остановка: 13.06.2026 22:33:12 | Время работы: 00:00:15
[13.06.2026 22:33:25] [INFO] Bot started
[13.06.2026 22:35:32] [SHUTDOWN] Запуск: 13.06.2026 22:33:25 | Остановка: 13.06.2026 22:35:32 | Время работы: 00:02:06
[13.06.2026 22:38:48] [INFO] Bot started
[13.06.2026 22:39:11] [SHUTDOWN] Запуск: 13.06.2026 22:38:48 | Остановка: 13.06.2026 22:39:11 | Время работы: 00:00:22
[13.06.2026 22:39:23] [INFO] Bot started
[13.06.2026 22:39:39] [SHUTDOWN] Запуск: 13.06.2026 22:39:22 | Остановка: 13.06.2026 22:39:39 | Время работы: 00:00:16
[13.06.2026 22:39:46] [INFO] Bot started
[13.06.2026 22:40:26] [SHUTDOWN] Запуск: 13.06.2026 22:39:46 | Остановка: 13.06.2026 22:40:26 | Время работы: 00:00:40
[13.06.2026 22:40:32] [INFO] Bot started
[13.06.2026 22:40:39] [SHUTDOWN] Запуск: 13.06.2026 22:40:32 | Остановка: 13.06.2026 22:40:39 | Время работы: 00:00:06
[13.06.2026 22:42:57] [INFO] Bot started
[13.06.2026 22:43:11] [SHUTDOWN] Запуск: 13.06.2026 22:42:57 | Остановка: 13.06.2026 22:43:11 | Время работы: 00:00:14
[13.06.2026 22:43:23] [INFO] Bot started
[13.06.2026 22:44:08] [SHUTDOWN] Запуск: 13.06.2026 22:43:23 | Остановка: 13.06.2026 22:44:08 | Время работы: 00:00:45
[13.06.2026 22:44:14] [INFO] Bot started
[13.06.2026 22:44:30] [PRIVATE] [13.06.2026 22:44:30] USER:StopaVento(950922970) ACTION:START DETAILS:открыл главное меню
[13.06.2026 22:44:33] [PRIVATE] [13.06.2026 22:44:33] USER:StopaVento(950922970) ACTION:MENU DETAILS:открыл раздел 2FA
[13.06.2026 22:44:36] [PRIVATE] [13.06.2026 22:44:36] USER:StopaVento(950922970) ACTION:MENU DETAILS:вернулся в главное меню
[13.06.2026 22:44:37] [PRIVATE] [13.06.2026 22:44:37] USER:StopaVento(950922970) ACTION:MENU DETAILS:открыл раздел Помощь
[13.06.2026 22:44:38] [PRIVATE] [13.06.2026 22:44:38] USER:StopaVento(950922970) ACTION:MENU DETAILS:вернулся в главное меню
[13.06.2026 22:44:39] [PRIVATE] [13.06.2026 22:44:39] USER:StopaVento(950922970) ACTION:MENU DETAILS:открыл раздел 2FA
[13.06.2026 22:44:43] [PRIVATE] [13.06.2026 22:44:43] USER:StopaVento(950922970) ACTION:2FA_LINK_START DETAILS:начал привязку аккаунта
[13.06.2026 22:44:54] [PRIVATE] [13.06.2026 22:44:54] USER:StopaVento(950922970) ACTION:2FA_LINKED DETAILS:привязал аккаунт mc=StopaVento
[13.06.2026 22:44:57] [PRIVATE] [13.06.2026 22:44:57] USER:StopaVento(950922970) ACTION:2FA_ADD_CODE_SENT DETAILS:mc=StopaVento code=2JHVNVVB
[13.06.2026 22:45:25] [PRIVATE] [13.06.2026 22:45:25] USER:StopaVento(950922970) ACTION:2FA_CANCEL DETAILS:отменил действие state=TwoFA:waiting_2fa_code
[13.06.2026 22:45:28] [PRIVATE] [13.06.2026 22:45:28] USER:StopaVento(950922970) ACTION:MENU DETAILS:открыл раздел 2FA
[13.06.2026 22:45:31] [PRIVATE] [13.06.2026 22:45:31] USER:StopaVento(950922970) ACTION:2FA_UNLINK_START DETAILS:начал отвязку аккаунта mc=StopaVento
[13.06.2026 22:45:39] [PRIVATE] [13.06.2026 22:45:39] USER:StopaVento(950922970) ACTION:2FA_UNLINKED DETAILS:отвязал аккаунт mc=StopaVento
[13.06.2026 22:45:41] [PRIVATE] [13.06.2026 22:45:41] USER:StopaVento(950922970) ACTION:MENU DETAILS:открыл раздел Помощь
[13.06.2026 22:47:08] [SHUTDOWN] Запуск: 13.06.2026 22:44:14 | Остановка: 13.06.2026 22:47:08 | Время работы: 00:02:53
[17.06.2026 14:15:36] [INFO] Bot started
[17.06.2026 14:15:58] [SHUTDOWN] Запуск: 17.06.2026 14:15:36 | Остановка: 17.06.2026 14:15:58 | Время работы: 00:00:21
[17.06.2026 14:16:18] [INFO] Bot started
[21.06.2026 23:11:19] [INFO] Bot started
[21.06.2026 23:13:28] [PRIVATE] [21.06.2026 23:13:28] USER:StopaVento(950922970) ACTION:START DETAILS:открыл главное меню
[21.06.2026 23:13:31] [PRIVATE] [21.06.2026 23:13:31] USER:StopaVento(950922970) ACTION:MENU DETAILS:открыл раздел Помощь
[21.06.2026 23:13:33] [PRIVATE] [21.06.2026 23:13:33] USER:StopaVento(950922970) ACTION:MENU DETAILS:вернулся в главное меню
[21.06.2026 23:27:05] [PRIVATE] [21.06.2026 23:27:05] USER:StopaVento(950922970) ACTION:MENU DETAILS:открыл раздел Помощь
[21.06.2026 23:29:10] [PRIVATE] [21.06.2026 23:29:10] USER:StopaVento(950922970) ACTION:TICKET_CLOSE_USER DETAILS:ticket_id=7
[21.06.2026 23:29:19] [PRIVATE] [21.06.2026 23:29:19] USER:StopaVento(950922970) ACTION:MENU DETAILS:открыл раздел Помощь
[21.06.2026 23:29:21] [PRIVATE] [21.06.2026 23:29:21] USER:StopaVento(950922970) ACTION:TICKET_OPEN DETAILS:ticket_id=8 type=dev
[21.06.2026 23:29:34] [PRIVATE] [21.06.2026 23:29:34] USER:kekevari(8276178173) ACTION:TICKET_CLOSE DETAILS:ticket_id=8 target=950922970
[21.06.2026 23:29:35] [PRIVATE] [21.06.2026 23:29:35] USER:kekevari(8276178173) ACTION:TICKET_ACCEPT DETAILS:ticket_id=8 target=950922970
[21.06.2026 23:59:28] [PRIVATE] [21.06.2026 23:59:28] USER:kekevari(8276178173) ACTION:MENU DETAILS:открыл раздел Помощь
[21.06.2026 23:59:30] [PRIVATE] [21.06.2026 23:59:30] USER:kekevari(8276178173) ACTION:MENU DETAILS:вернулся в главное меню
[21.06.2026 23:59:31] [PRIVATE] [21.06.2026 23:59:31] USER:kekevari(8276178173) ACTION:MENU DETAILS:открыл раздел 2FA
[21.06.2026 23:59:32] [PRIVATE] [21.06.2026 23:59:32] USER:kekevari(8276178173) ACTION:MENU DETAILS:вернулся в главное меню
[22.06.2026 00:28:51] [PRIVATE] [22.06.2026 00:28:51] USER:kekevari(8276178173) ACTION:MENU DETAILS:открыл раздел 2FA
[22.06.2026 00:28:54] [PRIVATE] [22.06.2026 00:28:54] USER:kekevari(8276178173) ACTION:MENU DETAILS:вернулся в главное меню
[22.06.2026 00:29:59] [PRIVATE] [22.06.2026 00:29:59] USER:kekevari(8276178173) ACTION:MENU DETAILS:открыл раздел Помощь
[22.06.2026 00:30:13] [PRIVATE] [22.06.2026 00:30:13] USER:kekevari(8276178173) ACTION:TICKET_OPEN DETAILS:ticket_id=9 type=mod
[22.06.2026 00:30:15] [PRIVATE] [22.06.2026 00:30:15] USER:kekevari(8276178173) ACTION:TICKET_CLOSE_USER DETAILS:ticket_id=9
[22.06.2026 02:30:45] [ERROR] lban failed chat=-1004460263721 target=5059770134 err=Telegram server says - Bad Request: PARTICIPANT_ID_INVALID
[22.06.2026 02:36:36] [ERROR] ban failed chat=-1004460263721 target=5059770134 err=Telegram server says - Bad Request: PARTICIPANT_ID_INVALID
[22.06.2026 02:37:24] [ERROR] ban failed chat=-1004460263721 target=5059770134 err=Telegram server says - Bad Request: PARTICIPANT_ID_INVALID
[22.06.2026 02:40:27] [SHUTDOWN] Запуск: 21.06.2026 23:11:19 | Остановка: 22.06.2026 02:40:27 | Время работы: 03:29:08
[23.06.2026 21:42:17] [INFO] Bot started
[23.06.2026 21:42:19] [PRIVATE] [23.06.2026 21:42:19] USER:kekevari(8276178173) ACTION:START DETAILS:открыл главное меню
[23.06.2026 22:02:58] [SHUTDOWN] Запуск: 23.06.2026 21:42:16 | Остановка: 23.06.2026 22:02:57 | Время работы: 00:20:41
[23.06.2026 22:07:46] [INFO] Bot started
[23.06.2026 22:16:39] [SHUTDOWN] Запуск: 23.06.2026 22:07:46 | Остановка: 23.06.2026 22:16:39 | Время работы: 00:08:53
[23.06.2026 22:22:50] [INFO] Bot started
[23.06.2026 22:23:26] [SHUTDOWN] Запуск: 23.06.2026 22:22:50 | Остановка: 23.06.2026 22:23:26 | Время работы: 00:00:35
[23.06.2026 22:29:00] [INFO] Bot started
[23.06.2026 22:29:26] [INFO] Bot started
[23.06.2026 22:48:15] [ERROR] kick failed chat=-1004460263721 target=950922970 err=Telegram server says - Bad Request: user is an administrator of the chat
[23.06.2026 23:12:01] [SHUTDOWN] Запуск: 23.06.2026 22:29:26 | Остановка: 23.06.2026 23:12:01 | Время работы: 00:42:35
[24.06.2026 18:18:01] [INFO] Bot started
[24.06.2026 18:18:28] [SHUTDOWN] Запуск: 24.06.2026 18:18:01 | Остановка: 24.06.2026 18:18:28 | Время работы: 00:00:27
[24.06.2026 18:18:37] [INFO] Bot started
[24.06.2026 18:21:57] [SHUTDOWN] Запуск: 24.06.2026 18:18:37 | Остановка: 24.06.2026 18:21:57 | Время работы: 00:03:19
[24.06.2026 18:22:07] [INFO] Bot started
[24.06.2026 18:29:40] [SHUTDOWN] Запуск: 24.06.2026 18:22:07 | Остановка: 24.06.2026 18:29:40 | Время работы: 00:07:33
[24.06.2026 18:29:50] [INFO] Bot started
[24.06.2026 18:33:19] [SHUTDOWN] Запуск: 24.06.2026 18:29:50 | Остановка: 24.06.2026 18:33:19 | Время работы: 00:03:28
[24.06.2026 18:34:04] [INFO] Bot started
[24.06.2026 18:34:42] [SHUTDOWN] Запуск: 24.06.2026 18:34:04 | Остановка: 24.06.2026 18:34:42 | Время работы: 00:00:38
[24.06.2026 18:34:50] [INFO] Bot started
[24.06.2026 18:36:57] [SHUTDOWN] Запуск: 24.06.2026 18:34:50 | Остановка: 24.06.2026 18:36:57 | Время работы: 00:02:07
[24.06.2026 18:37:04] [INFO] Bot started
[24.06.2026 18:45:06] [SHUTDOWN] Запуск: 24.06.2026 18:37:04 | Остановка: 24.06.2026 18:45:06 | Время работы: 00:08:02
[24.06.2026 18:46:39] [INFO] Bot started
[24.06.2026 18:48:46] [SHUTDOWN] Запуск: 24.06.2026 18:46:39 | Остановка: 24.06.2026 18:48:46 | Время работы: 00:02:07
[24.06.2026 18:49:17] [INFO] Bot started
[24.06.2026 18:52:06] [SHUTDOWN] Запуск: 24.06.2026 18:49:17 | Остановка: 24.06.2026 18:52:06 | Время работы: 00:02:49
[24.06.2026 18:55:13] [INFO] Bot started
[24.06.2026 19:01:01] [SHUTDOWN] Запуск: 24.06.2026 18:55:13 | Остановка: 24.06.2026 19:01:01 | Время работы: 00:05:47
[24.06.2026 19:01:13] [INFO] Bot started
[24.06.2026 19:14:00] [SHUTDOWN] Запуск: 24.06.2026 19:01:13 | Остановка: 24.06.2026 19:14:00 | Время работы: 00:12:46
[24.06.2026 19:14:09] [INFO] Bot started
[24.06.2026 19:19:05] [SHUTDOWN] Запуск: 24.06.2026 19:14:09 | Остановка: 24.06.2026 19:19:05 | Время работы: 00:04:56
[24.06.2026 19:20:27] [INFO] Bot started
[24.06.2026 19:51:14] [PRIVATE] [24.06.2026 19:51:14] USER:emrickoff(2049512428) ACTION:START DETAILS:открыл главное меню
[24.06.2026 19:52:48] [PRIVATE] [24.06.2026 19:52:48] USER:emrickoff(2049512428) ACTION:MENU DETAILS:открыл раздел Помощь
[24.06.2026 19:52:49] [PRIVATE] [24.06.2026 19:52:49] USER:emrickoff(2049512428) ACTION:TICKET_OPEN DETAILS:ticket_id=10 type=dev
[24.06.2026 19:53:39] [PRIVATE] [24.06.2026 19:53:39] USER:kekevari(8276178173) ACTION:TICKET_ACCEPT DETAILS:ticket_id=10 target=2049512428
[24.06.2026 19:53:42] [PRIVATE] [24.06.2026 19:53:42] USER:kekevari(8276178173) ACTION:TICKET_CLOSE DETAILS:ticket_id=10 target=2049512428
[24.06.2026 19:53:52] [PRIVATE] [24.06.2026 19:53:52] USER:emrickoff(2049512428) ACTION:START DETAILS:открыл главное меню
[24.06.2026 19:53:54] [PRIVATE] [24.06.2026 19:53:54] USER:emrickoff(2049512428) ACTION:MENU DETAILS:открыл раздел 2FA
[24.06.2026 19:59:24] [PRIVATE] [24.06.2026 19:59:24] USER:elickoff(8632861028) ACTION:START DETAILS:открыл главное меню
[24.06.2026 20:57:20] [SHUTDOWN] Запуск: 24.06.2026 19:20:27 | Остановка: 24.06.2026 20:57:20 | Время работы: 01:36:52
[01.07.2026 15:06:35] [INFO] Bot started
[01.07.2026 15:24:31] [SHUTDOWN] Запуск: 01.07.2026 15:06:35 | Остановка: 01.07.2026 15:24:31 | Время работы: 00:17:56
[03.07.2026 12:48:14] [INFO] Bot started
[03.07.2026 13:08:21] [SHUTDOWN] Запуск: 03.07.2026 12:48:13 | Остановка: 03.07.2026 13:08:21 | Время работы: 00:20:07
[03.07.2026 13:08:33] [INFO] Bot started
[03.07.2026 13:23:02] [SHUTDOWN] Запуск: 03.07.2026 13:08:33 | Остановка: 03.07.2026 13:23:02 | Время работы: 00:14:29
[03.07.2026 13:25:31] [INFO] Bot started
[03.07.2026 13:36:10] [SHUTDOWN] Запуск: 03.07.2026 13:25:31 | Остановка: 03.07.2026 13:36:10 | Время работы: 00:10:39
[03.07.2026 13:36:16] [INFO] Bot started
[03.07.2026 13:36:55] [INFO] Bot started
[03.07.2026 13:48:26] [SHUTDOWN] Запуск: 03.07.2026 13:36:55 | Остановка: 03.07.2026 13:48:26 | Время работы: 00:11:30
[03.07.2026 15:59:43] [INFO] Bot started
[03.07.2026 15:59:44] [PRIVATE] [03.07.2026 15:59:44] USER:exxese(7840030184) ACTION:START DETAILS:открыл главное меню
[03.07.2026 15:59:44] [PRIVATE] [03.07.2026 15:59:44] USER:PHHD2112(6005161791) ACTION:START DETAILS:открыл главное меню
[03.07.2026 16:06:52] [PRIVATE] [03.07.2026 16:06:52] USER:PavelPyrov(8277593483) ACTION:START DETAILS:открыл главное меню
[03.07.2026 16:10:15] [SHUTDOWN] Запуск: 03.07.2026 15:59:43 | Остановка: 03.07.2026 16:10:15 | Время работы: 00:10:32
[04.07.2026 16:51:34] [INFO] Bot started
[04.07.2026 17:21:14] [SHUTDOWN] Запуск: 04.07.2026 16:51:33 | Остановка: 04.07.2026 17:21:14 | Время работы: 00:29:41
[05.07.2026 00:08:30] [INFO] Bot started
[05.07.2026 00:15:19] [SHUTDOWN] Запуск: 05.07.2026 00:08:30 | Остановка: 05.07.2026 00:15:19 | Время работы: 00:06:48
[05.07.2026 00:19:15] [INFO] Bot started
[05.07.2026 00:28:29] [SHUTDOWN] Запуск: 05.07.2026 00:19:15 | Остановка: 05.07.2026 00:28:29 | Время работы: 00:09:13
[06.07.2026 16:24:39] [INFO] Bot started
[06.07.2026 16:24:41] [PRIVATE] [06.07.2026 16:24:41] USER:avalonemine(7166456344) ACTION:START DETAILS:открыл главное меню
[06.07.2026 16:32:53] [SHUTDOWN] Запуск: 06.07.2026 16:24:38 | Остановка: 06.07.2026 16:32:53 | Время работы: 00:08:14
[11.07.2026 13:04:33] [INFO] Bot started
